.title "Balance Due List"
.category Circulation
.column id hidden
.column lib_card_number sort=lib_card_number
.column name sort=name func=member_link
.column balance sort=balance
.parameters
.	string minimum title="Minimum balance"
.	order_by
.		item lib_card_number
.		item name expr="concat(m.lastname, ', ', m.firstname)"
.		item balance type=numeric
.	end order_by
.end parameters
.sql
	select m.id, m.lib_card_number,
		concat(m.lastname, ', ', m.firstname) name,
		sum(acct.amount) balance
	from tbl_student m, ob_member_account acct
	where m.id=acct.student_id
	group by m.id, m.lib_card_number, m.lastname, m.firstname
.	if_set minimum
		having balance >= %#minimum%
.	end if_set
.	order_by_expr
.end sql
