.title "Report Checkouts"
.category Circulation
.column bibid hidden
.column copyid hidden
.column student_id hidden
.column barcode_nmbr sort=barcode_nmbr
.column title sort=title func=biblio_link
.column author sort=author
.column member_bcode sort=member_bcode
.column name sort=name func=member_link
.column status_begin_dt sort=status_begin_dt
.column due_back_dt sort=due_back_dt
.parameters
.	date due_before title="Due before"
.	date out_since title="Out since"
.	order_by
.		item barcode_nmbr expr='c.barcode_nmbr'
.		item title
.		item author
.		item member_bcode expr='m.lib_card_number'
.		item name expr="concat(m.lastname, ', ', m.firstname)"
.		item status_begin_dt
.		item due_back_dt
.	end order_by
.end parameters
.sql
	select c.bibid, c.copyid, m.id, c.barcode_nmbr,
		b.title, b.author, c.status_begin_dt,
		c.due_back_dt, m.lib_card_number member_bcode,
		concat(m.lastname, ', ', m.firstname) name
	from ob_biblio b, ob_biblio_copy c, tbl_student m
	where b.bibid = c.bibid
		and c.student_id = m.id
		and c.status_cd = 'out'
.	if_set due_before
		and c.due_back_dt <= %due_before%
.	end if_set
.	if_set out_since
		and c.status_begin_dt >= %out_since%
.	end if_set
.	order_by_expr
.end sql
