.title "Report Holds"
.category Circulation
.column bibid hidden
.column mbrid hidden
.column item_bcode sort=item_bcode
.column title sort=title func=biblio_link
.column author sort=author
.column hold_begin_dt sort=hold_begin_dt
.column mbr_bcode sort=mbr_bcode
.column name sort=name func=member_link
.parameters
.	date placed_before title="Placed before"
.	date placed_since title="Placed since"
.	order_by
.		item item_bcode expr="c.barcode_nmbr"
.		item title
.		item author
.		item hold_begin_dt
.		item mbr_bcode expr="m.lib_card_number"
.		item name expr="concat(m.lastname, ', ', m.firstname)"
.	end order_by
.end parameters
.sql
	select b.bibid, c.barcode_nmbr item_bcode,
		b.title, b.author, h.hold_begin_dt,
		m.id, m.lib_card_number mbr_bcode,
		concat(m.lastname, ', ', m.firstname) name
	from ob_biblio b, ob_biblio_copy c, ob_biblio_hold h, tbl_student m
	where b.bibid=c.bibid
		and b.bibid=h.bibid
		and c.copyid=h.copyid
		and h.student_id=m.id
.	if_set placed_before
		and h.hold_begin_dt <= %placed_before%
.	end if_set
.	if_set placed_since
		and h.hold_begin_dt >= %placed_since%
.	end if_set
.	order_by_expr
.end sql
